[ERROR] 2025/08/29 08:49:55 Failed to get incidents for geographic correction: failed to query incidents for city ftVayOcVR4wVGptiLyKTgdbH: Error 1054 (42S22): Unknown column 'address' in 'field list'
[ERROR] 2025/08/29 08:49:55 Failed to reconcile city Accokeek: failed to get incidents: failed to query incidents for city ftVayOcVR4wVGptiLyKTgdbH: Error 1054 (42S22): Unknown column 'address' in 'field list'
[ERROR] 2025/08/29 08:49:55 Failed to get incidents for geographic correction: failed to query incidents for city mpm7eiaOvzLRvMU5mUxtZywK: Error 1054 (42S22): Unknown column 'address' in 'field list'
[ERROR] 2025/08/29 08:49:55 Failed to reconcile city Ada: failed to get incidents: failed to query incidents for city mpm7eiaOvzLRvMU5mUxtZywK: Error 1054 (42S22): Unknown column 'address' in 'field list'
[ERROR] 2025/08/29 08:49:56 Failed to get incidents for geographic correction: failed to query incidents for city 2OVOu5RhWtiHHXgf0sAzZ1Ju: Error 1054 (42S22): Unknown column 'address' in 'field list'
[ERROR] 2025/08/29 08:49:56 Failed to reconcile city Adamsville: failed to get incidents: failed to query incidents for city 2OVOu5RhWtiHHXgf0sAzZ1Ju: Error 1054 (42S22): Unknown column 'address' in 'field list'
[ERROR] 2025/08/29 08:49:56 Failed to get incidents for geographic correction: failed to query incidents for city Wvm2TGNST7nO4jgxhFPG4fEi: Error 1054 (42S22): Unknown column 'address' in 'field list'
[ERROR] 2025/08/29 08:49:56 Failed to reconcile city Adelphi: failed to get incidents: failed to query incidents for city Wvm2TGNST7nO4jgxhFPG4fEi: Error 1054 (42S22): Unknown column 'address' in 'field list'
[ERROR] 2025/08/29 08:49:57 Failed to get incidents for geographic correction: failed to query incidents for city XvO0rJxeUAZjIO9tizWFkF4x: Error 1054 (42S22): Unknown column 'address' in 'field list'
[ERROR] 2025/08/29 08:49:57 Failed to reconcile city Adger: failed to get incidents: failed to query incidents for city XvO0rJxeUAZjIO9tizWFkF4x: Error 1054 (42S22): Unknown column 'address' in 'field list'
[ERROR] 2025/08/29 08:49:57 Failed to get incidents for geographic correction: failed to query incidents for city x90DPMnfj00svjgc9sBwrUKS: Error 1054 (42S22): Unknown column 'address' in 'field list'
[ERROR] 2025/08/29 08:49:57 Failed to reconcile city Adkins: failed to get incidents: failed to query incidents for city x90DPMnfj00svjgc9sBwrUKS: Error 1054 (42S22): Unknown column 'address' in 'field list'
[ERROR] 2025/08/29 08:49:58 Failed to get incidents for geographic correction: failed to query incidents for city fuKivLIoj7zkwgj9MTn0TV83: Error 1054 (42S22): Unknown column 'address' in 'field list'
[ERROR] 2025/08/29 08:49:58 Failed to reconcile city Albuquerque: failed to get incidents: failed to query incidents for city fuKivLIoj7zkwgj9MTn0TV83: Error 1054 (42S22): Unknown column 'address' in 'field list'
[ERROR] 2025/08/29 08:49:58 Failed to get incidents for geographic correction: failed to query incidents for city 79mSuDAmzt0GOlwNxbVbwaYZ: Error 1054 (42S22): Unknown column 'address' in 'field list'
[ERROR] 2025/08/29 08:49:58 Failed to reconcile city Alexander: failed to get incidents: failed to query incidents for city 79mSuDAmzt0GOlwNxbVbwaYZ: Error 1054 (42S22): Unknown column 'address' in 'field list'
[ERROR] 2025/08/29 08:49:58 Failed to get incidents for geographic correction: failed to query incidents for city vmHgBwmA5gWUQ4xlFl2RDZgK: Error 1054 (42S22): Unknown column 'address' in 'field list'
[ERROR] 2025/08/29 08:49:58 Failed to reconcile city Alexandria: failed to get incidents: failed to query incidents for city vmHgBwmA5gWUQ4xlFl2RDZgK: Error 1054 (42S22): Unknown column 'address' in 'field list'
[ERROR] 2025/08/29 08:49:59 Failed to get incidents for geographic correction: failed to query incidents for city X3k5g9g8nf6zV3vKuImcFYA9: Error 1054 (42S22): Unknown column 'address' in 'field list'
[ERROR] 2025/08/29 08:49:59 Failed to reconcile city Alexandria: failed to get incidents: failed to query incidents for city X3k5g9g8nf6zV3vKuImcFYA9: Error 1054 (42S22): Unknown column 'address' in 'field list'
[ERROR] 2025/08/29 08:49:59 Failed to get incidents for geographic correction: failed to query incidents for city RRq1XmUJSDuW: Error 1054 (42S22): Unknown column 'address' in 'field list'
[ERROR] 2025/08/29 08:49:59 Failed to reconcile city Alexandria: failed to get incidents: failed to query incidents for city RRq1XmUJSDuW: Error 1054 (42S22): Unknown column 'address' in 'field list'
[ERROR] 2025/08/29 08:50:00 Failed to get incidents for geographic correction: failed to query incidents for city ykqxXBzeUgUF: Error 1054 (42S22): Unknown column 'address' in 'field list'
[ERROR] 2025/08/29 08:50:00 Failed to reconcile city ALEXNADRIA: failed to get incidents: failed to query incidents for city ykqxXBzeUgUF: Error 1054 (42S22): Unknown column 'address' in 'field list'
[ERROR] 2025/08/29 08:50:01 Failed to create coordinate record: failed to create coordinate record cities.0600982: Error 1062 (23000): Duplicate entry 'cities.0600982' for key 'coordinates.PRIMARY'
[ERROR] 2025/08/29 08:50:01 Failed to reconcile city Alleghany: failed to create coordinate record: failed to create coordinate record cities.0600982: Error 1062 (23000): Duplicate entry 'cities.0600982' for key 'coordinates.PRIMARY'
[ERROR] 2025/08/29 08:50:01 Failed to get incidents for geographic correction: failed to query incidents for city KBPUrqamwLllHvYP7y1GLmsH: Error 1054 (42S22): Unknown column 'address' in 'field list'
[ERROR] 2025/08/29 08:50:01 Failed to reconcile city Allenton: failed to get incidents: failed to query incidents for city KBPUrqamwLllHvYP7y1GLmsH: Error 1054 (42S22): Unknown column 'address' in 'field list'
[ERROR] 2025/08/29 08:50:02 Failed to get incidents for geographic correction: failed to query incidents for city RffOcPU76A6Lk546VsC4IMUs: Error 1054 (42S22): Unknown column 'address' in 'field list'
[ERROR] 2025/08/29 08:50:02 Failed to reconcile city Aloma: failed to get incidents: failed to query incidents for city RffOcPU76A6Lk546VsC4IMUs: Error 1054 (42S22): Unknown column 'address' in 'field list'
[ERROR] 2025/08/29 08:50:02 Failed to get incidents for geographic correction: failed to query incidents for city kLAD8c6hqEUTYFFVRttRD2h5: Error 1054 (42S22): Unknown column 'address' in 'field list'
[ERROR] 2025/08/29 08:50:02 Failed to reconcile city Alpine Meadows: failed to get incidents: failed to query incidents for city kLAD8c6hqEUTYFFVRttRD2h5: Error 1054 (42S22): Unknown column 'address' in 'field list'
[ERROR] 2025/08/29 08:50:03 Failed to get incidents for geographic correction: failed to query incidents for city 7BL5OEuVivYDvd1KKCZS3Q1Z: Error 1054 (42S22): Unknown column 'address' in 'field list'
[ERROR] 2025/08/29 08:50:03 Failed to reconcile city Alto: failed to get incidents: failed to query incidents for city 7BL5OEuVivYDvd1KKCZS3Q1Z: Error 1054 (42S22): Unknown column 'address' in 'field list'
[ERROR] 2025/08/29 08:50:03 Failed to get incidents for geographic correction: failed to query incidents for city e8a58mDIw0t2tT6ok4YChaRy: Error 1054 (42S22): Unknown column 'address' in 'field list'
[ERROR] 2025/08/29 08:50:03 Failed to reconcile city Ampthill: failed to get incidents: failed to query incidents for city e8a58mDIw0t2tT6ok4YChaRy: Error 1054 (42S22): Unknown column 'address' in 'field list'
[ERROR] 2025/08/29 08:50:04 Failed to create coordinate record: failed to create coordinate record cities.0203000: Error 1062 (23000): Duplicate entry 'cities.0203000' for key 'coordinates.PRIMARY'
[ERROR] 2025/08/29 08:50:04 Failed to reconcile city Anchorage: failed to create coordinate record: failed to create coordinate record cities.0203000: Error 1062 (23000): Duplicate entry 'cities.0203000' for key 'coordinates.PRIMARY'
[ERROR] 2025/08/29 08:50:05 Failed to get incidents for geographic correction: failed to query incidents for city v78SaHXr2Mzebj5on3Enrr7A: Error 1054 (42S22): Unknown column 'address' in 'field list'
[ERROR] 2025/08/29 08:50:05 Failed to reconcile city Anderson: failed to get incidents: failed to query incidents for city v78SaHXr2Mzebj5on3Enrr7A: Error 1054 (42S22): Unknown column 'address' in 'field list'
[ERROR] 2025/08/29 08:50:05 Failed to get incidents for geographic correction: failed to query incidents for city Fd6jZCNdwCgaxKM8jmtW8dHa: Error 1054 (42S22): Unknown column 'address' in 'field list'
[ERROR] 2025/08/29 08:50:05 Failed to reconcile city Andice: failed to get incidents: failed to query incidents for city Fd6jZCNdwCgaxKM8jmtW8dHa: Error 1054 (42S22): Unknown column 'address' in 'field list'
[ERROR] 2025/08/29 08:50:06 Failed to get incidents for geographic correction: failed to query incidents for city B1Nga5BbWBJPjOOtJlE7mhzd: Error 1054 (42S22): Unknown column 'address' in 'field list'
[ERROR] 2025/08/29 08:50:06 Failed to reconcile city Angels Camp: failed to get incidents: failed to query incidents for city B1Nga5BbWBJPjOOtJlE7mhzd: Error 1054 (42S22): Unknown column 'address' in 'field list'
[ERROR] 2025/08/29 08:50:06 Failed to get incidents for geographic correction: failed to query incidents for city 5CbJM9wkt2m3rDgDs895QKM1: Error 1054 (42S22): Unknown column 'address' in 'field list'
[ERROR] 2025/08/29 08:50:06 Failed to reconcile city Angelus Oaks: failed to get incidents: failed to query incidents for city 5CbJM9wkt2m3rDgDs895QKM1: Error 1054 (42S22): Unknown column 'address' in 'field list'
[ERROR] 2025/08/29 08:56:31 Failed to find city by coordinates (38.664000, -77.013000): API request failed with status 400: {"error":{"code":"400", "message":"Bad Request"}}
[ERROR] 2025/08/29 08:56:32 Failed to find city by coordinates (38.675000, -77.001000): API request failed with status 400: {"error":{"code":"400", "message":"Bad Request"}}
[ERROR] 2025/08/29 08:56:32 Failed to find city by coordinates (38.676000, -77.021000): API request failed with status 400: {"error":{"code":"400", "message":"Bad Request"}}
[ERROR] 2025/08/29 08:56:33 Failed to find city by coordinates (38.682000, -77.006000): API request failed with status 400: {"error":{"code":"400", "message":"Bad Request"}}
[ERROR] 2025/08/29 08:56:33 Failed to find city by coordinates (38.659000, -77.023000): API request failed with status 400: {"error":{"code":"400", "message":"Bad Request"}}
[ERROR] 2025/08/29 08:56:33 Failed to find city by coordinates (38.660000, -77.017000): API request failed with status 400: {"error":{"code":"400", "message":"Bad Request"}}
[ERROR] 2025/08/29 08:56:34 Failed to find city by coordinates (38.665000, -77.033000): API request failed with status 400: {"error":{"code":"400", "message":"Bad Request"}}
