2025-08-29 08:49:55	ftVayOcVR4wVGptiLyKTgdbH	Accokeek	2x6vDJB6XAwFRMTGvt0AtcNZ	no suitable matches found among 1 results
2025-08-29 08:49:55	mpm7eiaOvzLRvMU5mUxtZywK	Ada	26081	no suitable matches found among 34 results
2025-08-29 08:49:56	2OVOu5RhWtiHHXgf0sAzZ1Ju	Adamsville	tAtP2X1fba97iOQLZj3yUG9G	no suitable matches found among 4 results
2025-08-29 08:49:56	Wvm2TGNST7nO4jgxhFPG4fEi	Adelphi	2x6vDJB6XAwFRMTGvt0AtcNZ	no suitable matches found among 2 results
2025-08-29 08:49:56	XvO0rJxeUAZjIO9tizWFkF4x	Adger	01073	API error: API request failed with status 404: {"error":{"code":"404", "message":"Not Found"}}
2025-08-29 08:49:57	x90DPMnfj00svjgc9sBwrUKS	Adkins	48029	API error: API request failed with status 404: {"error":{"code":"404", "message":"Not Found"}}
2025-08-29 08:49:57	fuKivLIoj7zkwgj9MTn0TV83	Albuquerque	26099	no suitable matches found among 1 results
2025-08-29 08:49:58	79mSuDAmzt0GOlwNxbVbwaYZ	Alexander	37021	no suitable matches found among 7 results
2025-08-29 08:49:58	vmHgBwmA5gWUQ4xlFl2RDZgK	Alexandria	37081	no suitable matches found among 13 results
2025-08-29 08:49:59	X3k5g9g8nf6zV3vKuImcFYA9	Alexandria	oy20VcZpzZxByLSihlOsbOw5	no suitable matches found among 13 results
2025-08-29 08:49:59	RRq1XmUJSDuW	Alexandria	WUsnABu0lMZG	no suitable matches found among 13 results
2025-08-29 08:50:00	ykqxXBzeUgUF	ALEXNADRIA	51510	API error: API request failed with status 404: {"error":{"code":"404", "message":"Not Found"}}
2025-08-29 08:50:01	KBPUrqamwLllHvYP7y1GLmsH	Allenton	26099	no suitable matches found among 1 results
2025-08-29 08:50:02	RffOcPU76A6Lk546VsC4IMUs	Aloma	12095	API error: API request failed with status 404: {"error":{"code":"404", "message":"Not Found"}}
2025-08-29 08:50:02	kLAD8c6hqEUTYFFVRttRD2h5	Alpine Meadows	06061	API error: API request failed with status 404: {"error":{"code":"404", "message":"Not Found"}}
2025-08-29 08:50:03	7BL5OEuVivYDvd1KKCZS3Q1Z	Alto	26081	no suitable matches found among 25 results
2025-08-29 08:50:03	e8a58mDIw0t2tT6ok4YChaRy	Ampthill	51041	API error: API request failed with status 404: {"error":{"code":"404", "message":"Not Found"}}
2025-08-29 08:50:04	v78SaHXr2Mzebj5on3Enrr7A	Anderson	ncSa6uUiJfHSlaocCUWV6JbT	no suitable matches found among 16 results
2025-08-29 08:50:05	Fd6jZCNdwCgaxKM8jmtW8dHa	Andice	48491	API error: API request failed with status 404: {"error":{"code":"404", "message":"Not Found"}}
2025-08-29 08:50:05	B1Nga5BbWBJPjOOtJlE7mhzd	Angels Camp	06009	API error: API request failed with status 404: {"error":{"code":"404", "message":"Not Found"}}
2025-08-29 08:50:06	5CbJM9wkt2m3rDgDs895QKM1	Angelus Oaks	06071	API error: API request failed with status 404: {"error":{"code":"404", "message":"Not Found"}}
2025-08-29 08:50:06	Cinqcxmk8iioxmPVSRhw4JfL	Annapolis	06097	no suitable matches found among 4 results
2025-08-29 08:56:31	ftVayOcVR4wVGptiLyKTgdbH	Accokeek	2x6vDJB6XAwFRMTGvt0AtcNZ	no suitable matches found among 1 results
2025-08-29 08:58:20	mpm7eiaOvzLRvMU5mUxtZywK	Ada	26081	no suitable matches found among 34 results
2025-08-29 08:58:20	2OVOu5RhWtiHHXgf0sAzZ1Ju	Adamsville	tAtP2X1fba97iOQLZj3yUG9G	no suitable matches found among 4 results
2025-08-29 08:58:21	Wvm2TGNST7nO4jgxhFPG4fEi	Adelphi	2x6vDJB6XAwFRMTGvt0AtcNZ	no suitable matches found among 2 results
2025-08-29 08:58:22	XvO0rJxeUAZjIO9tizWFkF4x	Adger	01073	API error: API request failed with status 404: {"error":{"code":"404", "message":"Not Found"}}
2025-08-29 08:58:22	x90DPMnfj00svjgc9sBwrUKS	Adkins	48029	API error: API request failed with status 404: {"error":{"code":"404", "message":"Not Found"}}
2025-08-29 08:58:23	fuKivLIoj7zkwgj9MTn0TV83	Albuquerque	26099	no suitable matches found among 1 results
2025-08-29 08:58:24	79mSuDAmzt0GOlwNxbVbwaYZ	Alexander	37021	no suitable matches found among 7 results
2025-08-29 08:58:24	vmHgBwmA5gWUQ4xlFl2RDZgK	Alexandria	37081	no suitable matches found among 13 results
2025-08-29 08:58:25	X3k5g9g8nf6zV3vKuImcFYA9	Alexandria	oy20VcZpzZxByLSihlOsbOw5	no suitable matches found among 13 results
2025-08-29 08:58:26	RRq1XmUJSDuW	Alexandria	WUsnABu0lMZG	no suitable matches found among 13 results
2025-08-29 08:58:26	ykqxXBzeUgUF	ALEXNADRIA	51510	API error: API request failed with status 404: {"error":{"code":"404", "message":"Not Found"}}
2025-08-29 08:58:33	KBPUrqamwLllHvYP7y1GLmsH	Allenton	26099	no suitable matches found among 1 results
2025-08-29 08:58:34	RffOcPU76A6Lk546VsC4IMUs	Aloma	12095	API error: API request failed with status 404: {"error":{"code":"404", "message":"Not Found"}}
2025-08-29 08:58:35	kLAD8c6hqEUTYFFVRttRD2h5	Alpine Meadows	06061	API error: API request failed with status 404: {"error":{"code":"404", "message":"Not Found"}}
2025-08-29 08:58:35	7BL5OEuVivYDvd1KKCZS3Q1Z	Alto	26081	no suitable matches found among 25 results
2025-08-29 08:58:36	e8a58mDIw0t2tT6ok4YChaRy	Ampthill	51041	API error: API request failed with status 404: {"error":{"code":"404", "message":"Not Found"}}
2025-08-29 08:58:43	v78SaHXr2Mzebj5on3Enrr7A	Anderson	ncSa6uUiJfHSlaocCUWV6JbT	no suitable matches found among 16 results
2025-08-29 08:58:44	Fd6jZCNdwCgaxKM8jmtW8dHa	Andice	48491	API error: API request failed with status 404: {"error":{"code":"404", "message":"Not Found"}}
2025-08-29 08:58:44	B1Nga5BbWBJPjOOtJlE7mhzd	Angels Camp	06009	API error: API request failed with status 404: {"error":{"code":"404", "message":"Not Found"}}
2025-08-29 08:58:45	5CbJM9wkt2m3rDgDs895QKM1	Angelus Oaks	06071	API error: API request failed with status 404: {"error":{"code":"404", "message":"Not Found"}}
2025-08-29 08:58:46	Cinqcxmk8iioxmPVSRhw4JfL	Annapolis	06097	no suitable matches found among 4 results
2025-08-29 08:58:46	2W9kxcpmeZizZlyc7x0jngXR	Antelope	TtX65tobRYSn	no suitable matches found among 5 results
2025-08-29 08:58:47	qg4gUmqoWt0h6RiEKRkmeDgh	Apache Junction	sRHpKc1A93Ty3t9l2jZFPYJr	no suitable matches found among 1 results
2025-08-29 08:58:48	KMxA7vMMZQcxEaH8yMSIeLd9	Apache Junction	zp17ts7F3NaknBVMdIIb0QSV	no suitable matches found among 1 results
2025-08-29 08:58:48	E4WKKtEdC1d1wKV0CFyoEsQW	Applegate	06061	no suitable matches found among 1 results
2025-08-29 08:58:49	5OVYoOPKxTMsHyKwOlvSDeo5	Appleton	26125	no suitable matches found among 4 results
2025-08-29 08:58:49	f4CtZLlVgKLvBO256p1v5sC3	Arden	37021	no suitable matches found among 6 results
2025-08-29 08:58:50	4rduGzxyMwPJbqKvQiqh7tIR	Argyle	AsF5MFziV8sPQhuWqmXUcvMJ	no suitable matches found among 8 results
2025-08-29 08:58:51	rBME2CThfRNyU5GKFEhEM4df	Ariel	53015	API error: API request failed with status 404: {"error":{"code":"404", "message":"Not Found"}}
2025-08-29 08:58:51	MsWhlbogCve87YoLplp5O1lr	Arizona City	zp17ts7F3NaknBVMdIIb0QSV	no suitable matches found among 1 results
2025-08-29 08:58:52	V88mIxAyCXRcDW0Vt9pY4gXt	Arrington	47149	no suitable matches found among 1 results
2025-08-29 08:58:53	gLsgcJtAubmXaa5FjagxPm6Y	Arrowhead Farms	06071	API error: API request failed with status 404: {"error":{"code":"404", "message":"Not Found"}}
2025-08-29 08:58:53	x4YyGMhbVDFQuyS09BsvjVBz	Asheville	26125	no suitable matches found among 1 results
2025-08-29 08:58:54	4BIva0ix3R5fRoeonApKlnMT	Ashville	26125	no suitable matches found among 3 results
2025-08-29 08:58:54	K9N2C2I9LWG4WjdRWqoauQRR	Atascosa	48029	API error: API request failed with status 404: {"error":{"code":"404", "message":"Not Found"}}
2025-08-29 08:58:55	bOXKqUf3CNkEm5rbbr28Y7ov	Atlanta	01097	no suitable matches found among 9 results
2025-08-29 08:58:56	heyu7FTqS7Wm78dVWitpAoXj	Atlanta	12081	no suitable matches found among 9 results
2025-08-29 08:58:56	CqtojDLHNXd7m61zYmFFKUhL	Aubrey	AsF5MFziV8sPQhuWqmXUcvMJ	no suitable matches found among 2 results
2025-08-29 08:58:57	Bp75kbs78C4dJnrAlGxnwmKv	Aurora	26099	no suitable matches found among 18 results
2025-08-29 08:58:58	dqZYagyNNt6y	Aurora District	08005	API error: API request failed with status 404: {"error":{"code":"404", "message":"Not Found"}}
2025-08-29 08:58:58	EucZRyLnjued98PnqIXIaUFQ	Avondale	zp17ts7F3NaknBVMdIIb0QSV	no suitable matches found among 6 results
2025-08-29 08:58:59	Si38vI2YVQWmu4dDtJm3DtIw	Axtell	48309	no suitable matches found among 2 results
2025-08-29 08:58:59	Fo6mtr4fXxaboQCTwLhtmDSZ	Badger	06107	no suitable matches found among 5 results
2025-08-29 08:59:00	gH50xPmNvanfw9etKIOCxlpg	Bahama	37063	API error: API request failed with status 404: {"error":{"code":"404", "message":"Not Found"}}
2025-08-29 08:59:01	UolA90A3Z07bPaGtVQO1fTLa	Bailey	08059	no suitable matches found among 11 results
2025-08-29 08:59:01	zIlKqpqwKKFn2HeP1DhWbFpZ	Bailey	08093	no suitable matches found among 11 results
2025-08-29 08:59:02	cv7jcFW6Q1qHWqwH1eSp6Fxh	Bailey's Crossroads	51059	API error: API request failed with status 500: {"error":{"code":"500", "message":"Internal Server Error"}}
2025-08-29 08:59:03	12113_baker	Baker	12113	no suitable matches found among 16 results
2025-08-29 08:59:03	P1y3gD9oW2i4	Baker	12091	no suitable matches found among 16 results
2025-08-29 09:55:18	8FKWmKPcCIorj0T0NeprKjiX	Winton	47157	no suitable matches found among 3 results
