2025-08-29 09:56:20	QTG9uxvbKVJpdgJPovhoF5zM	Baker	1BLxypUkKNhmBS0DSGjuQu7N	no suitable matches found among 16 results
2025-08-29 09:56:21	aPDFRHLltXG7tNONg79XmrLu	Balsam Grove	37175	API error: API request failed with status 404: {"error":{"code":"404", "message":"Not Found"}}
2025-08-29 09:56:21	umiaQkCjNyi65V97xj6rGIm9	Bannister	26057	API error: API request failed with status 404: {"error":{"code":"404", "message":"Not Found"}}
2025-08-29 09:56:22	5WtjXueCeejf4EYrhtQpyyiq	Battle Ground	26099	no suitable matches found among 2 results
2025-08-29 09:56:22	zmVRgvOw7ULf	Baxter	21095	no suitable matches found among 8 results
2025-08-29 09:56:23	yj516RdaHSWz	Bayview	16055	no suitable matches found among 4 results
2025-08-29 09:56:24	NiEgNwegSUBLe0mvLpUpk3Jx	Baywood-Los Osos	06079	API error: API request failed with status 404: {"error":{"code":"404", "message":"Not Found"}}
2025-08-29 09:56:24	7nJHgxNXp0YriWTNSR7qbvWY	Bear Creek	37037	no suitable matches found among 8 results
2025-08-29 09:56:25	Zva3gfSBdLiE5lU0a0jK5LNx	Belews Creek	37067	API error: API request failed with status 404: {"error":{"code":"404", "message":"Not Found"}}
2025-08-29 09:56:26	Rgz40guZ3YUS5tq8yBcLFSdT	Bellvue	08069	API error: API request failed with status 404: {"error":{"code":"404", "message":"Not Found"}}
2025-08-29 09:56:26	bdG0tfoiid69tn8ElmlCU6BE	Belmont	xF5wFL7nP6DnSyAxcJMmgyc1	no suitable matches found among 13 results
2025-08-29 09:56:27	K2i5gHzdZv82h1YrqnZxjm2x	Beltsville	2x6vDJB6XAwFRMTGvt0AtcNZ	no suitable matches found among 1 results
2025-08-29 09:56:27	Kt5RA2aiu7bTVySD7nQfBziY	Bengaluru	26099	API error: API request failed with status 404: {"error":{"code":"404", "message":"Not Found"}}
2025-08-29 09:56:28	fvkixe7vk9WmCcR8uISBLw0i	Bennsville	2x6vDJB6XAwFRMTGvt0AtcNZ	API error: API request failed with status 404: {"error":{"code":"404", "message":"Not Found"}}
2025-08-29 09:56:29	rs6n481pzcRlRAUNegY0p8Wp	Bentley	26017	no suitable matches found among 6 results
2025-08-29 09:56:29	ef7J8jMfB5HNn5vZomE0jjA5	Berat	37021	API error: API request failed with status 404: {"error":{"code":"404", "message":"Not Found"}}
2025-08-29 09:56:30	REtssjN5PXZJM1U0oHzGEckR	Bergheim	48029	API error: API request failed with status 404: {"error":{"code":"404", "message":"Not Found"}}
2025-08-29 09:56:31	NpdUD1ysPmjBPe53uOhttqaM	Berwyn Heights	2x6vDJB6XAwFRMTGvt0AtcNZ	no suitable matches found among 1 results
2025-08-29 09:56:31	B3sReirEowJEN5q8nCU7pM7i	Bessemer	tAtP2X1fba97iOQLZj3yUG9G	no suitable matches found among 5 results
2025-08-29 09:56:32	f4DdEL1CoULfjTLpDXjiFIV6	Bethesda	yAxLFUbTxEhHpBZgFGACc2KZ	no suitable matches found among 3 results
2025-08-29 09:56:33	DRQEmQiInkZ4JTC37pCQENjW	Big Bear	06071	no suitable matches found among 2 results
2025-08-29 09:56:33	rhOjuug6jHxLgbMom5AEzbXe	Big Sur	06053	API error: API request failed with status 404: {"error":{"code":"404", "message":"Not Found"}}
2025-08-29 09:56:34	ihHIaxywZ0JrvnM0CIH3hRR9	Birmingham	bOfvhYqcLWKOGfbCRt6QpU1e	no suitable matches found among 6 results
2025-08-29 09:56:34	y5aPVk4NHdXZLsD1tCjjJF60	Birmingham	tAtP2X1fba97iOQLZj3yUG9G	no suitable matches found among 6 results
2025-08-29 09:56:35	2OmSkC1iwTrxSfZgHWyf4V3f	Black Canyon City	zp17ts7F3NaknBVMdIIb0QSV	no suitable matches found among 1 results
2025-08-29 09:56:36	Qm9jS1sCAru7u8O6XRAXaWFp	Bladensburg	2x6vDJB6XAwFRMTGvt0AtcNZ	no suitable matches found among 2 results
2025-08-29 09:56:36	ypT2ZSTuKaIuCusMdWh71lA5	Blanchard	26107	no suitable matches found among 8 results
2025-08-29 09:56:37	RzSkCgZtZdTMSyMt9FX3U91w	Blanchard	26073	no suitable matches found among 8 results
2025-08-29 09:56:38	s1Rk84WujhaxbN69vt36weea	Bloomfield Township	26125	API error: API request failed with status 404: {"error":{"code":"404", "message":"Not Found"}}
2025-08-29 09:56:38	oa6CZ8zWen1dQ8IxsltsVuSU	Bloomfield Twp	26125	API error: API request failed with status 404: {"error":{"code":"404", "message":"Not Found"}}
2025-08-29 09:56:39	Kx2z96e5karX9EGliDsKwKri	Bloomington	41005	no suitable matches found among 9 results
2025-08-29 09:56:40	JIgiOnB5xKGm6AbFOT14VHdf	Bloomington	i6eu0rE517Di2mnIwpOfEeaI	no suitable matches found among 9 results
2025-08-29 09:56:40	yvAwe7akRwbp	Blue Jay	06071	no suitable matches found among 1 results
2025-08-29 09:56:41	3cnj4YChiD9a5Eny8tm0iHgK	Bluemont	51107	API error: API request failed with status 404: {"error":{"code":"404", "message":"Not Found"}}
2025-08-29 09:56:41	sxBrBxOmqhUuoW9dZsQGinvP	Boca Grande	12015	API error: API request failed with status 404: {"error":{"code":"404", "message":"Not Found"}}
2025-08-29 09:56:42	KzGNPR5jfCzxyfe6CYNBu65d	Boca Grande	12071	API error: API request failed with status 404: {"error":{"code":"404", "message":"Not Found"}}
2025-08-29 09:56:43	eLCZDAWJmrobmevQ743dV5Fy	Boise	26099	no suitable matches found among 2 results
2025-08-29 09:56:43	EmZgHH0yvTAm	Boise	16001	no suitable matches found among 2 results
2025-08-29 09:56:44	D4SpY2kmfBY2lRNGT15XyMk1	Boling-Iago	48481	API error: API request failed with status 404: {"error":{"code":"404", "message":"Not Found"}}
2025-08-29 09:56:45	HhGkvuUlhYXyBqrFK5ugwIZs	Bolivar	zIzb1oDS06JkMjjeNPVXH7R8	no suitable matches found among 8 results
2025-08-29 09:56:45	ndFsU9sUpmjUlUj4W1CV8x8o	Bolivar	51107	no suitable matches found among 8 results
2025-08-29 09:56:46	qsf1t1ERxtu0D6E4toBqSBiM	Bonnerdale	48309	API error: API request failed with status 404: {"error":{"code":"404", "message":"Not Found"}}
2025-08-29 09:56:47	xk6eCPpeNQqgifUFzh9Jyb7s	Boomer	37193	no suitable matches found among 1 results
2025-08-29 09:56:47	rpBGfNpU6fbliXujBo8TvcHx	Booth	48157	no suitable matches found among 4 results
2025-08-29 09:56:48	MLpi8tg4gH5JFyVa6Qa9RK64	Boston	49053	no suitable matches found among 8 results
2025-08-29 09:56:49	cLLSvDvBVA5mkJt8AvhL92YQ	Boston	31055	no suitable matches found among 8 results
2025-08-29 09:56:49	T0BL1r2GVY8r8wOhBFt3TFM9	Boulder	26049	no suitable matches found among 10 results
2025-08-29 09:56:50	4PGH7mQGkIHup4HFFxHkkvoH	Bowie	2x6vDJB6XAwFRMTGvt0AtcNZ	no suitable matches found among 3 results
2025-08-29 09:56:50	Fv98JNcHdq57rxK00f5kDEZj	Bradford	01073	no suitable matches found among 12 results
2025-08-29 09:56:51	EWEv7cPZLiX78TWpjgnBNrt8	Bradley	12105	no suitable matches found among 11 results
2025-08-29 09:56:52	12081_brandenton	Brandenton	12081	API error: API request failed with status 404: {"error":{"code":"404", "message":"Not Found"}}
2025-08-29 09:56:52	3suUntFGLG8DnCBS5MHWScVX	Brandon	26099	no suitable matches found among 11 results
2025-08-29 09:56:53	PcECoshvphye046QVnbjIdki	Brandywine	2x6vDJB6XAwFRMTGvt0AtcNZ	no suitable matches found among 3 results
2025-08-29 09:56:54	AJ7ezgvaL8lMqij5B5iaZCWz	Brandywine	5zMI0N0p20aTBJiUyKnGXqu0	no suitable matches found among 3 results
2025-08-29 09:56:54	9qDEdAgBEJh0aLX4FY8JMrHR	Brant	26145	no suitable matches found among 4 results
2025-08-29 09:56:55	iSKP6ooWS3KzYUXwFt1zcYRG	Braselton	18011	no suitable matches found among 1 results
2025-08-29 09:56:55	be2UaN6iEm2fBPVp0xqIIQlf	Brenham	wKusYiufQh0l7uivSh9gJDA5	no suitable matches found among 1 results
2025-08-29 09:56:56	Y7289970gZmBYvHp5iRISLDB	Brentwood	2x6vDJB6XAwFRMTGvt0AtcNZ	no suitable matches found among 7 results
2025-08-29 09:56:57	ywOmpr9uea5xz5Lwl3pSegmy	Brewton	12033	no suitable matches found among 1 results
2025-08-29 09:56:57	gpAPYPLTpEN86zcfmFaneEKc	Brighton	tAtP2X1fba97iOQLZj3yUG9G	no suitable matches found among 8 results
2025-08-29 09:56:58	XQ0n1U8dIt7ymGHgiSwu2C7z	Brighton	Ok9FcYrzBE2qItWs7oRmKfY6	no suitable matches found among 8 results
2025-08-29 09:56:59	6Vm3VsxfYSDaGsYW8GYDVKHo	Brock	48367	no suitable matches found among 9 results
2025-08-29 09:56:59	kxjEHVfpa8y0GIh81z7i54rh	Brockport	Ok9FcYrzBE2qItWs7oRmKfY6	no suitable matches found among 1 results
2025-08-29 09:57:00	wGlhgTxx1LVqfQOUbvYbc784	Broken Arrow	Ao4jQsV2MXiXRO0ELgx1gN8T	no suitable matches found among 1 results
2025-08-29 09:57:01	78DM091ufRlawj084wQdMiVg	Brooklyn	36055	no suitable matches found among 12 results
2025-08-29 09:57:01	fS4WOYPpBsg1S1ZRSqXDMgNo	Brooklyn Center	i6eu0rE517Di2mnIwpOfEeaI	no suitable matches found among 1 results
2025-08-29 09:57:02	caAvH6bxgtUD6sXlKDxeHGqJ	Brooklyn Park	i6eu0rE517Di2mnIwpOfEeaI	no suitable matches found among 2 results
2025-08-29 09:57:02	MjeuPSr5YTCCPnsfeOM9rw4p	Brookside	49053	no suitable matches found among 6 results
2025-08-29 09:57:03	NESnYIZWOYgG6FwAxeH66uRa	Browns Summit	37081	API error: API request failed with status 404: {"error":{"code":"404", "message":"Not Found"}}
2025-08-29 09:57:04	AOzfegln4hLFo2fxwqxWGNEU	Browns Valley	06115	no suitable matches found among 1 results
2025-08-29 09:57:04	mhIc2LAvxkl8PMFbH0Y26pT0	Bruce Township	26099	API error: API request failed with status 404: {"error":{"code":"404", "message":"Not Found"}}
2025-08-29 09:57:05	XE6VsLr1uLtQBe8y374SlJAV	Bruce Twp	26099	API error: API request failed with status 404: {"error":{"code":"404", "message":"Not Found"}}
2025-08-29 09:57:06	p17D2SsqfaxMVNCqPrjbUrvs	Brunswick	bwXbFKxfKyaemVQRvfjTqpoV	no suitable matches found among 7 results
2025-08-29 09:57:06	BfOecsLbiuOsQiOkUc4gvfkw	Brunswick	ubxPXQYAqeOlxCZffGdb1T9t	no suitable matches found among 7 results
2025-08-29 09:57:07	hCRB3mueDzWSclUfMFIX09xs	Brunswick	51107	no suitable matches found among 7 results
2025-08-29 09:57:08	XeK3cdrGU8h9CA1EME2WTncc	Brunswick	26125	no suitable matches found among 7 results
2025-08-29 09:57:08	hP6q6wpzIjXecbjj44fAzhHn	Bryans Road	2x6vDJB6XAwFRMTGvt0AtcNZ	no suitable matches found among 1 results
2025-08-29 09:57:09	m7BPIZXee0xCygMMvcBFsDme	Buckeye	zp17ts7F3NaknBVMdIIb0QSV	no suitable matches found among 3 results
2025-08-29 09:57:09	lSKQMvbj2ry5Xb0gcPcU2bV2	Budapest	18011	API error: API request failed with status 404: {"error":{"code":"404", "message":"Not Found"}}
2025-08-29 09:57:10	HSThbrEk2GAPB8Zl98mwk8mQ	Buena Park	47157	no suitable matches found among 1 results
2025-08-29 09:57:11	8Kd7RBAodpiSERfb9vCvJyAC	Buena Ventura Lakes	12097	API error: API request failed with status 404: {"error":{"code":"404", "message":"Not Found"}}
2025-08-29 09:57:11	oHOzFwtttziTGbMKzRApE9zA	Burnaby	26099	API error: API request failed with status 404: {"error":{"code":"404", "message":"Not Found"}}
2025-08-29 09:57:12	ti49yeVachd3UOephMillRJ7	Burson	06009	API error: API request failed with status 404: {"error":{"code":"404", "message":"Not Found"}}
2025-08-29 12:52:39	ti49yeVachd3UOephMillRJ7	Burson	06009	API error: API request failed with status 404: {"error":{"code":"404", "message":"Not Found"}}
2025-08-29 12:52:40	9uXp23B10kAagoc8mX0C0ABR	Butler	VmseePMUssLafRcyyTBSpdAO	no suitable matches found among 18 results
2025-08-29 12:52:41	eMeOqG66pOMVVcqLKemLmtg9	Buxton	41067	no suitable matches found among 2 results
2025-08-29 12:52:41	hPjWuAGgDntJcyDtmUYKGNH9	Cades	45041	API error: API request failed with status 404: {"error":{"code":"404", "message":"Not Found"}}
2025-08-29 12:52:42	ajUdOCtCNkz0KpVN9mjmUVOS	Cainhoy	45015	API error: API request failed with status 404: {"error":{"code":"404", "message":"Not Found"}}
2025-08-29 12:52:42	BZPuVT4vXg5RCaiBqac3atbE	Calgary	26099	API error: API request failed with status 404: {"error":{"code":"404", "message":"Not Found"}}
2025-08-29 12:52:43	Q4tu4BijRZc9X9q4IGZUTn8M	Callahan	47093	no suitable matches found among 1 results
2025-08-29 12:52:44	Sz55Y7WuxJoV9nY7OIb9hHiA	Camby	18063	API error: API request failed with status 404: {"error":{"code":"404", "message":"Not Found"}}
2025-08-29 12:52:44	u7Y5P7M26oAGIBPDqgazgj3c	Camden	28089	no suitable matches found among 17 results
2025-08-29 12:52:45	m2qwp7coyDKkNbUSZGEy8wkJ	Camp Meeker	06097	API error: API request failed with status 404: {"error":{"code":"404", "message":"Not Found"}}
2025-08-29 12:52:46	BjY23ezw2WpuDUJuwZvg3pA1	Camp Pendleton North	06073	API error: API request failed with status 404: {"error":{"code":"404", "message":"Not Found"}}
2025-08-29 12:52:46	V1vqrGISImcLX3cffaN9flyW	Camp Springs	2x6vDJB6XAwFRMTGvt0AtcNZ	no suitable matches found among 1 results
2025-08-29 12:52:47	lNlgBVKlPpTVEGPkjT6l4U3A	Campbell	45035	no suitable matches found among 17 results
